<?xml version="1.0" encoding="UTF-8"?>
<testsuite xmlns:xsi="http://www.w3.org/2001/XMLSchema-instance" xsi:noNamespaceSchemaLocation="https://maven.apache.org/surefire/maven-surefire-plugin/xsd/surefire-test-report-3.0.xsd" version="3.0" name="delris.Cookbook.CookbookApplicationTests" time="5.055" tests="1" errors="0" skipped="0" failures="0">
  <properties>
[...]
</properties>
  <testcase name="contextLoads" classname="delris.Cookbook.CookbookApplicationTests" time="0.34">
    <system-out><![CDATA[19:28:48.497 [main] INFO org.springframework.test.context.support.AnnotationConfigContextLoaderUtils -- Could not detect default configuration classes for test class [delris.Cookbook.CookbookApplicationTests]: CookbookApplicationTests does not declare any static, non-private, non-final, nested classes annotated with @Configuration.
19:28:48.612 [main] INFO org.springframework.boot.test.context.SpringBootTestContextBootstrapper -- Found @SpringBootConfiguration delris.Cookbook.CookbookApplication for test class delris.Cookbook.CookbookApplicationTests
19:28:48.762 [main] INFO org.springframework.boot.devtools.restart.RestartApplicationListener -- Restart disabled due to context in which it is running

  .   ____          _            __ _ _
 /\\ / ___'_ __ _ _(_)_ __  __ _ \ \ \ \
( ( )\___ | '_ | '_| | '_ \/ _` | \ \ \ \
 \\/  ___)| |_)| | | | | || (_| |  ) ) ) )
  '  |____| .__|_| |_|_| |_\__, | / / / /
 =========|_|==============|___/=/_/_/_/

 :: Spring Boot ::                (v3.3.1)

2024-07-10T19:28:49.011+02:00  INFO 7976 --- [Cookbook] [           main] d.Cookbook.CookbookApplicationTests      : Starting CookbookApplicationTests using Java 21.0.3 with PID 7976 (started by bgabr in C:\Users\bgabr\IdeaProjects\Cookbook)
2024-07-10T19:28:49.011+02:00  INFO 7976 --- [Cookbook] [           main] d.Cookbook.CookbookApplicationTests      : No active profile set, falling back to 1 default profile: "default"
2024-07-10T19:28:49.717+02:00  INFO 7976 --- [Cookbook] [           main] .s.d.r.c.RepositoryConfigurationDelegate : Multiple Spring Data modules found, entering strict repository configuration mode
2024-07-10T19:28:49.718+02:00  INFO 7976 --- [Cookbook] [           main] .s.d.r.c.RepositoryConfigurationDelegate : Bootstrapping Spring Data JDBC repositories in DEFAULT mode.
2024-07-10T19:28:49.748+02:00  INFO 7976 --- [Cookbook] [           main] .RepositoryConfigurationExtensionSupport : Spring Data JDBC - Could not safely identify store assignment for repository candidate interface delris.Cookbook.repositories.FormulaRepository; If you want this repository to be a JDBC repository, consider annotating your entities with one of these annotations: org.springframework.data.relational.core.mapping.Table.
2024-07-10T19:28:49.749+02:00  INFO 7976 --- [Cookbook] [           main] .RepositoryConfigurationExtensionSupport : Spring Data JDBC - Could not safely identify store assignment for repository candidate interface delris.Cookbook.repositories.IngredientRepository; If you want this repository to be a JDBC repository, consider annotating your entities with one of these annotations: org.springframework.data.relational.core.mapping.Table.
2024-07-10T19:28:49.749+02:00  INFO 7976 --- [Cookbook] [           main] .RepositoryConfigurationExtensionSupport : Spring Data JDBC - Could not safely identify store assignment for repository candidate interface delris.Cookbook.repositories.RecipeRepository; If you want this repository to be a JDBC repository, consider annotating your entities with one of these annotations: org.springframework.data.relational.core.mapping.Table.
2024-07-10T19:28:49.750+02:00  INFO 7976 --- [Cookbook] [           main] .RepositoryConfigurationExtensionSupport : Spring Data JDBC - Could not safely identify store assignment for repository candidate interface delris.Cookbook.repositories.RoleRepository; If you want this repository to be a JDBC repository, consider annotating your entities with one of these annotations: org.springframework.data.relational.core.mapping.Table.
2024-07-10T19:28:49.751+02:00  INFO 7976 --- [Cookbook] [           main] .RepositoryConfigurationExtensionSupport : Spring Data JDBC - Could not safely identify store assignment for repository candidate interface delris.Cookbook.repositories.UserRepository; If you want this repository to be a JDBC repository, consider annotating your entities with one of these annotations: org.springframework.data.relational.core.mapping.Table.
2024-07-10T19:28:49.752+02:00  INFO 7976 --- [Cookbook] [           main] .s.d.r.c.RepositoryConfigurationDelegate : Finished Spring Data repository scanning in 29 ms. Found 0 JDBC repository interfaces.
2024-07-10T19:28:49.761+02:00  INFO 7976 --- [Cookbook] [           main] .s.d.r.c.RepositoryConfigurationDelegate : Multiple Spring Data modules found, entering strict repository configuration mode
2024-07-10T19:28:49.762+02:00  INFO 7976 --- [Cookbook] [           main] .s.d.r.c.RepositoryConfigurationDelegate : Bootstrapping Spring Data JPA repositories in DEFAULT mode.
2024-07-10T19:28:49.794+02:00  INFO 7976 --- [Cookbook] [           main] .s.d.r.c.RepositoryConfigurationDelegate : Finished Spring Data repository scanning in 28 ms. Found 5 JPA repository interfaces.
2024-07-10T19:28:50.233+02:00  INFO 7976 --- [Cookbook] [           main] o.hibernate.jpa.internal.util.LogHelper  : HHH000204: Processing PersistenceUnitInfo [name: default]
2024-07-10T19:28:50.323+02:00  INFO 7976 --- [Cookbook] [           main] org.hibernate.Version                    : HHH000412: Hibernate ORM core version 6.5.2.Final
2024-07-10T19:28:50.356+02:00  INFO 7976 --- [Cookbook] [           main] o.h.c.internal.RegionFactoryInitiator    : HHH000026: Second-level cache disabled
2024-07-10T19:28:50.672+02:00  INFO 7976 --- [Cookbook] [           main] o.s.o.j.p.SpringPersistenceUnitInfo      : No LoadTimeWeaver setup: ignoring JPA class transformer
2024-07-10T19:28:50.698+02:00  INFO 7976 --- [Cookbook] [           main] com.zaxxer.hikari.HikariDataSource       : HikariPool-1 - Starting...
2024-07-10T19:28:50.859+02:00  INFO 7976 --- [Cookbook] [           main] com.zaxxer.hikari.pool.HikariPool        : HikariPool-1 - Added connection org.postgresql.jdbc.PgConnection@4aab7195
2024-07-10T19:28:50.860+02:00  INFO 7976 --- [Cookbook] [           main] com.zaxxer.hikari.HikariDataSource       : HikariPool-1 - Start completed.
2024-07-10T19:28:50.894+02:00  WARN 7976 --- [Cookbook] [           main] org.hibernate.orm.deprecation            : HHH90000025: PostgreSQLDialect does not need to be specified explicitly using 'hibernate.dialect' (remove the property setting and it will be selected by default)
2024-07-10T19:28:51.772+02:00  INFO 7976 --- [Cookbook] [           main] o.h.e.t.j.p.i.JtaPlatformInitiator       : HHH000489: No JTA platform available (set 'hibernate.transaction.jta.platform' to enable JTA platform integration)
Hibernate: 
    alter table if exists formula 
       drop constraint if exists FKia41kqp5j7x71kv2jn8o1vpi9
2024-07-10T19:28:51.787+02:00  WARN 7976 --- [Cookbook] [           main] o.h.engine.jdbc.spi.SqlExceptionHelper   : SQL Warning Code: 0, SQLState: 00000
2024-07-10T19:28:51.787+02:00  WARN 7976 --- [Cookbook] [           main] o.h.engine.jdbc.spi.SqlExceptionHelper   : relation "formula" does not exist, skipping
Hibernate: 
    alter table if exists formula_recipe_steps 
       drop constraint if exists FK1nufjrtrt84nvr3qavy439c9
2024-07-10T19:28:51.787+02:00  WARN 7976 --- [Cookbook] [           main] o.h.engine.jdbc.spi.SqlExceptionHelper   : SQL Warning Code: 0, SQLState: 00000
2024-07-10T19:28:51.787+02:00  WARN 7976 --- [Cookbook] [           main] o.h.engine.jdbc.spi.SqlExceptionHelper   : relation "formula_recipe_steps" does not exist, skipping
Hibernate: 
    alter table if exists formula_recipe_steps 
       drop constraint if exists FKjf56ysdqkw68vjqavj7yfjkd0
2024-07-10T19:28:51.788+02:00  WARN 7976 --- [Cookbook] [           main] o.h.engine.jdbc.spi.SqlExceptionHelper   : SQL Warning Code: 0, SQLState: 00000
2024-07-10T19:28:51.788+02:00  WARN 7976 --- [Cookbook] [           main] o.h.engine.jdbc.spi.SqlExceptionHelper   : relation "formula_recipe_steps" does not exist, skipping
Hibernate: 
    alter table if exists recipe 
       drop constraint if exists FK90v8p0et1gfigg6tbjm6jp1hr
2024-07-10T19:28:51.788+02:00  WARN 7976 --- [Cookbook] [           main] o.h.engine.jdbc.spi.SqlExceptionHelper   : SQL Warning Code: 0, SQLState: 00000
2024-07-10T19:28:51.788+02:00  WARN 7976 --- [Cookbook] [           main] o.h.engine.jdbc.spi.SqlExceptionHelper   : relation "recipe" does not exist, skipping
Hibernate: 
    alter table if exists recipe 
       drop constraint if exists FK5mx01yw4j003wisa2aqmwir6l
2024-07-10T19:28:51.789+02:00  WARN 7976 --- [Cookbook] [           main] o.h.engine.jdbc.spi.SqlExceptionHelper   : SQL Warning Code: 0, SQLState: 00000
2024-07-10T19:28:51.789+02:00  WARN 7976 --- [Cookbook] [           main] o.h.engine.jdbc.spi.SqlExceptionHelper   : relation "recipe" does not exist, skipping
Hibernate: 
    alter table if exists recipe_ingredients 
       drop constraint if exists FK115hxprua4ai0chlhicwmuhna
2024-07-10T19:28:51.790+02:00  WARN 7976 --- [Cookbook] [           main] o.h.engine.jdbc.spi.SqlExceptionHelper   : SQL Warning Code: 0, SQLState: 00000
2024-07-10T19:28:51.790+02:00  WARN 7976 --- [Cookbook] [           main] o.h.engine.jdbc.spi.SqlExceptionHelper   : relation "recipe_ingredients" does not exist, skipping
Hibernate: 
    alter table if exists recipe_ingredients 
       drop constraint if exists FKhnsmvxdlwxqq6x2wbgnoef5gr
2024-07-10T19:28:51.790+02:00  WARN 7976 --- [Cookbook] [           main] o.h.engine.jdbc.spi.SqlExceptionHelper   : SQL Warning Code: 0, SQLState: 00000
2024-07-10T19:28:51.790+02:00  WARN 7976 --- [Cookbook] [           main] o.h.engine.jdbc.spi.SqlExceptionHelper   : relation "recipe_ingredients" does not exist, skipping
Hibernate: 
    alter table if exists recipe_steps 
       drop constraint if exists FKcib3tcbcy7scswwdt492q79l9
2024-07-10T19:28:51.791+02:00  WARN 7976 --- [Cookbook] [           main] o.h.engine.jdbc.spi.SqlExceptionHelper   : SQL Warning Code: 0, SQLState: 00000
2024-07-10T19:28:51.791+02:00  WARN 7976 --- [Cookbook] [           main] o.h.engine.jdbc.spi.SqlExceptionHelper   : relation "recipe_steps" does not exist, skipping
Hibernate: 
    alter table if exists user_roles 
       drop constraint if exists FKh8ciramu9cc9q3qcqiv4ue8a6
2024-07-10T19:28:51.791+02:00  WARN 7976 --- [Cookbook] [           main] o.h.engine.jdbc.spi.SqlExceptionHelper   : SQL Warning Code: 0, SQLState: 00000
2024-07-10T19:28:51.791+02:00  WARN 7976 --- [Cookbook] [           main] o.h.engine.jdbc.spi.SqlExceptionHelper   : relation "user_roles" does not exist, skipping
Hibernate: 
    alter table if exists user_roles 
       drop constraint if exists FKhfh9dx7w3ubf1co1vdev94g3f
2024-07-10T19:28:51.791+02:00  WARN 7976 --- [Cookbook] [           main] o.h.engine.jdbc.spi.SqlExceptionHelper   : SQL Warning Code: 0, SQLState: 00000
2024-07-10T19:28:51.792+02:00  WARN 7976 --- [Cookbook] [           main] o.h.engine.jdbc.spi.SqlExceptionHelper   : relation "user_roles" does not exist, skipping
Hibernate: 
    drop table if exists formula cascade
2024-07-10T19:28:51.792+02:00  WARN 7976 --- [Cookbook] [           main] o.h.engine.jdbc.spi.SqlExceptionHelper   : SQL Warning Code: 0, SQLState: 00000
2024-07-10T19:28:51.792+02:00  WARN 7976 --- [Cookbook] [           main] o.h.engine.jdbc.spi.SqlExceptionHelper   : table "formula" does not exist, skipping
Hibernate: 
    drop table if exists formula_recipe_steps cascade
2024-07-10T19:28:51.792+02:00  WARN 7976 --- [Cookbook] [           main] o.h.engine.jdbc.spi.SqlExceptionHelper   : SQL Warning Code: 0, SQLState: 00000
2024-07-10T19:28:51.792+02:00  WARN 7976 --- [Cookbook] [           main] o.h.engine.jdbc.spi.SqlExceptionHelper   : table "formula_recipe_steps" does not exist, skipping
Hibernate: 
    drop table if exists ingredient cascade
2024-07-10T19:28:51.793+02:00  WARN 7976 --- [Cookbook] [           main] o.h.engine.jdbc.spi.SqlExceptionHelper   : SQL Warning Code: 0, SQLState: 00000
2024-07-10T19:28:51.793+02:00  WARN 7976 --- [Cookbook] [           main] o.h.engine.jdbc.spi.SqlExceptionHelper   : table "ingredient" does not exist, skipping
Hibernate: 
    drop table if exists recipe cascade
2024-07-10T19:28:51.793+02:00  WARN 7976 --- [Cookbook] [           main] o.h.engine.jdbc.spi.SqlExceptionHelper   : SQL Warning Code: 0, SQLState: 00000
2024-07-10T19:28:51.793+02:00  WARN 7976 --- [Cookbook] [           main] o.h.engine.jdbc.spi.SqlExceptionHelper   : table "recipe" does not exist, skipping
Hibernate: 
    drop table if exists recipe_ingredients cascade
2024-07-10T19:28:51.793+02:00  WARN 7976 --- [Cookbook] [           main] o.h.engine.jdbc.spi.SqlExceptionHelper   : SQL Warning Code: 0, SQLState: 00000
2024-07-10T19:28:51.793+02:00  WARN 7976 --- [Cookbook] [           main] o.h.engine.jdbc.spi.SqlExceptionHelper   : table "recipe_ingredients" does not exist, skipping
Hibernate: 
    drop table if exists recipe_steps cascade
2024-07-10T19:28:51.794+02:00  WARN 7976 --- [Cookbook] [           main] o.h.engine.jdbc.spi.SqlExceptionHelper   : SQL Warning Code: 0, SQLState: 00000
2024-07-10T19:28:51.794+02:00  WARN 7976 --- [Cookbook] [           main] o.h.engine.jdbc.spi.SqlExceptionHelper   : table "recipe_steps" does not exist, skipping
Hibernate: 
    drop table if exists roles cascade
2024-07-10T19:28:51.794+02:00  WARN 7976 --- [Cookbook] [           main] o.h.engine.jdbc.spi.SqlExceptionHelper   : SQL Warning Code: 0, SQLState: 00000
2024-07-10T19:28:51.794+02:00  WARN 7976 --- [Cookbook] [           main] o.h.engine.jdbc.spi.SqlExceptionHelper   : table "roles" does not exist, skipping
Hibernate: 
    drop table if exists user_roles cascade
2024-07-10T19:28:51.795+02:00  WARN 7976 --- [Cookbook] [           main] o.h.engine.jdbc.spi.SqlExceptionHelper   : SQL Warning Code: 0, SQLState: 00000
2024-07-10T19:28:51.795+02:00  WARN 7976 --- [Cookbook] [           main] o.h.engine.jdbc.spi.SqlExceptionHelper   : table "user_roles" does not exist, skipping
Hibernate: 
    drop table if exists users cascade
2024-07-10T19:28:51.795+02:00  WARN 7976 --- [Cookbook] [           main] o.h.engine.jdbc.spi.SqlExceptionHelper   : SQL Warning Code: 0, SQLState: 00000
2024-07-10T19:28:51.795+02:00  WARN 7976 --- [Cookbook] [           main] o.h.engine.jdbc.spi.SqlExceptionHelper   : table "users" does not exist, skipping
Hibernate: 
    drop sequence if exists formula_seq
2024-07-10T19:28:51.795+02:00  WARN 7976 --- [Cookbook] [           main] o.h.engine.jdbc.spi.SqlExceptionHelper   : SQL Warning Code: 0, SQLState: 00000
2024-07-10T19:28:51.795+02:00  WARN 7976 --- [Cookbook] [           main] o.h.engine.jdbc.spi.SqlExceptionHelper   : sequence "formula_seq" does not exist, skipping
Hibernate: 
    drop sequence if exists ingredient_seq
2024-07-10T19:28:51.796+02:00  WARN 7976 --- [Cookbook] [           main] o.h.engine.jdbc.spi.SqlExceptionHelper   : SQL Warning Code: 0, SQLState: 00000
2024-07-10T19:28:51.796+02:00  WARN 7976 --- [Cookbook] [           main] o.h.engine.jdbc.spi.SqlExceptionHelper   : sequence "ingredient_seq" does not exist, skipping
Hibernate: 
    drop sequence if exists recipe_seq
2024-07-10T19:28:51.796+02:00  WARN 7976 --- [Cookbook] [           main] o.h.engine.jdbc.spi.SqlExceptionHelper   : SQL Warning Code: 0, SQLState: 00000
2024-07-10T19:28:51.796+02:00  WARN 7976 --- [Cookbook] [           main] o.h.engine.jdbc.spi.SqlExceptionHelper   : sequence "recipe_seq" does not exist, skipping
Hibernate: 
    drop sequence if exists recipe_steps_seq
2024-07-10T19:28:51.796+02:00  WARN 7976 --- [Cookbook] [           main] o.h.engine.jdbc.spi.SqlExceptionHelper   : SQL Warning Code: 0, SQLState: 00000
2024-07-10T19:28:51.797+02:00  WARN 7976 --- [Cookbook] [           main] o.h.engine.jdbc.spi.SqlExceptionHelper   : sequence "recipe_steps_seq" does not exist, skipping
Hibernate: 
    drop sequence if exists users_seq
2024-07-10T19:28:51.797+02:00  WARN 7976 --- [Cookbook] [           main] o.h.engine.jdbc.spi.SqlExceptionHelper   : SQL Warning Code: 0, SQLState: 00000
2024-07-10T19:28:51.797+02:00  WARN 7976 --- [Cookbook] [           main] o.h.engine.jdbc.spi.SqlExceptionHelper   : sequence "users_seq" does not exist, skipping
Hibernate: 
    create sequence formula_seq start with 1 increment by 50
Hibernate: 
    create sequence ingredient_seq start with 1 increment by 50
Hibernate: 
    create sequence recipe_seq start with 1 increment by 50
Hibernate: 
    create sequence recipe_steps_seq start with 1 increment by 50
Hibernate: 
    create sequence users_seq start with 1 increment by 50
Hibernate: 
    create table formula (
        formula_id bigint not null,
        recipe_id bigint unique,
        primary key (formula_id)
    )
Hibernate: 
    create table formula_recipe_steps (
        formula_formula_id bigint not null,
        recipe_steps_step_id bigint not null unique
    )
Hibernate: 
    create table ingredient (
        quantity float(53) not null,
        quantity_unit smallint check (quantity_unit between 0 and 7),
        ingredient_id bigint not null,
        name varchar(255),
        primary key (ingredient_id)
    )
Hibernate: 
    create table recipe (
        created timestamp(6),
        formula_id bigint unique,
        recipe_id bigint not null,
        user_id bigint,
        name varchar(255),
        primary key (recipe_id)
    )
Hibernate: 
    create table recipe_ingredients (
        ingredient_id bigint not null,
        recipe_id bigint not null
    )
Hibernate: 
    create table recipe_steps (
        formula_id bigint,
        step_id bigint not null,
        recipe_step varchar(255),
        primary key (step_id)
    )
Hibernate: 
    create table roles (
        id bigint generated by default as identity,
        name varchar(20) check (name in ('ROLE_USER','ROLE_MODERATOR','ROLE_ADMIN')),
        primary key (id)
    )
Hibernate: 
    create table user_roles (
        role_id bigint not null,
        user_id bigint not null,
        primary key (role_id, user_id)
    )
Hibernate: 
    create table users (
        user_id bigint not null,
        email varchar(255),
        name varchar(255),
        password varchar(255) not null,
        surname varchar(255),
        username varchar(255) not null,
        primary key (user_id)
    )
Hibernate: 
    alter table if exists formula 
       add constraint FKia41kqp5j7x71kv2jn8o1vpi9 
       foreign key (recipe_id) 
       references recipe
Hibernate: 
    alter table if exists formula_recipe_steps 
       add constraint FK1nufjrtrt84nvr3qavy439c9 
       foreign key (recipe_steps_step_id) 
       references recipe_steps
Hibernate: 
    alter table if exists formula_recipe_steps 
       add constraint FKjf56ysdqkw68vjqavj7yfjkd0 
       foreign key (formula_formula_id) 
       references formula
Hibernate: 
    alter table if exists recipe 
       add constraint FK90v8p0et1gfigg6tbjm6jp1hr 
       foreign key (formula_id) 
       references formula
Hibernate: 
    alter table if exists recipe 
       add constraint FK5mx01yw4j003wisa2aqmwir6l 
       foreign key (user_id) 
       references users
Hibernate: 
    alter table if exists recipe_ingredients 
       add constraint FK115hxprua4ai0chlhicwmuhna 
       foreign key (ingredient_id) 
       references ingredient
Hibernate: 
    alter table if exists recipe_ingredients 
       add constraint FKhnsmvxdlwxqq6x2wbgnoef5gr 
       foreign key (recipe_id) 
       references recipe
Hibernate: 
    alter table if exists recipe_steps 
       add constraint FKcib3tcbcy7scswwdt492q79l9 
       foreign key (formula_id) 
       references formula
Hibernate: 
    alter table if exists user_roles 
       add constraint FKh8ciramu9cc9q3qcqiv4ue8a6 
       foreign key (role_id) 
       references roles
Hibernate: 
    alter table if exists user_roles 
       add constraint FKhfh9dx7w3ubf1co1vdev94g3f 
       foreign key (user_id) 
       references users
2024-07-10T19:28:51.863+02:00  INFO 7976 --- [Cookbook] [           main] j.LocalContainerEntityManagerFactoryBean : Initialized JPA EntityManagerFactory for persistence unit 'default'
2024-07-10T19:28:52.239+02:00  INFO 7976 --- [Cookbook] [           main] eAuthenticationProviderManagerConfigurer : Global AuthenticationManager configured with AuthenticationProvider bean with name authenticationProvider
2024-07-10T19:28:52.240+02:00  WARN 7976 --- [Cookbook] [           main] r$InitializeUserDetailsManagerConfigurer : Global AuthenticationManager configured with an AuthenticationProvider bean. UserDetailsService beans will not be used for username/password login. Consider removing the AuthenticationProvider bean. Alternatively, consider using the UserDetailsService in a manually instantiated DaoAuthenticationProvider.
2024-07-10T19:28:52.298+02:00  INFO 7976 --- [Cookbook] [           main] o.s.d.j.r.query.QueryEnhancerFactory     : Hibernate is in classpath; If applicable, HQL parser will be used.
2024-07-10T19:28:52.362+02:00  WARN 7976 --- [Cookbook] [           main] JpaBaseConfiguration$JpaWebConfiguration : spring.jpa.open-in-view is enabled by default. Therefore, database queries may be performed during view rendering. Explicitly configure spring.jpa.open-in-view to disable this warning
2024-07-10T19:28:53.039+02:00  INFO 7976 --- [Cookbook] [           main] d.Cookbook.CookbookApplicationTests      : Started CookbookApplicationTests in 4.286 seconds (process running for 5.206)
]]></system-out>
    <system-err><![CDATA[WARNING: A Java agent has been loaded dynamically (C:\Users\bgabr\.m2\repository\net\bytebuddy\byte-buddy-agent\1.14.17\byte-buddy-agent-1.14.17.jar)
WARNING: If a serviceability tool is in use, please run with -XX:+EnableDynamicAgentLoading to hide this warning
WARNING: If a serviceability tool is not in use, please run with -Djdk.instrument.traceUsage for more information
WARNING: Dynamic loading of agents will be disallowed by default in a future release
]]></system-err>
  </testcase>
</testsuite>